<?xml version="1.0" encoding="UTF-8"?>
<!-- Generated by org.testng.reporters.JUnitReportReporter -->
<testsuite skipped="0" hostname="KHIMA" name="com.prokarma.selenium.test.QueryTest" tests="1" failures="0" timestamp="20 Aug 2018 07:09:01 GMT" time="18.796" errors="0">
  <testcase name="queryTest" time="18.796" classname="com.prokarma.selenium.test.QueryTest"/>
</testsuite> <!-- com.prokarma.selenium.test.QueryTest -->
