<?xml version="1.0" encoding="UTF-8"?>
<!-- Generated by org.testng.reporters.JUnitReportReporter -->
<testsuite skipped="0" hostname="KHIMA" name="com.prokarma.selenium.test.PostYourQueryTest" tests="1" failures="0" timestamp="20 Aug 2018 07:09:01 GMT" time="8.608" errors="0">
  <testcase name="postYourQueryTest" time="8.608" classname="com.prokarma.selenium.test.PostYourQueryTest"/>
</testsuite> <!-- com.prokarma.selenium.test.PostYourQueryTest -->
